{"/media/lucas/80BAFBF4BAFBE516/desafio_ewally/src/entities/boleto.js": {"path":"/media/lucas/80BAFBF4BAFBE516/desafio_ewally/src/entities/boleto.js","all":false,"statementMap":{"0":{"start":{"line":1,"column":0},"end":{"line":1,"column":55}},"1":{"start":{"line":2,"column":0},"end":{"line":2,"column":56}},"2":{"start":{"line":3,"column":0},"end":{"line":3,"column":39}},"3":{"start":{"line":4,"column":0},"end":{"line":4,"column":57}},"4":{"start":{"line":5,"column":0},"end":{"line":5,"column":0}},"5":{"start":{"line":6,"column":0},"end":{"line":6,"column":14}},"6":{"start":{"line":7,"column":0},"end":{"line":7,"column":21}},"7":{"start":{"line":8,"column":0},"end":{"line":8,"column":0}},"8":{"start":{"line":9,"column":0},"end":{"line":9,"column":26}},"9":{"start":{"line":10,"column":0},"end":{"line":10,"column":22}},"10":{"start":{"line":11,"column":0},"end":{"line":11,"column":12}},"11":{"start":{"line":12,"column":0},"end":{"line":12,"column":38}},"12":{"start":{"line":13,"column":0},"end":{"line":13,"column":5}},"13":{"start":{"line":14,"column":0},"end":{"line":14,"column":0}},"14":{"start":{"line":15,"column":0},"end":{"line":15,"column":3}},"15":{"start":{"line":16,"column":0},"end":{"line":16,"column":0}},"16":{"start":{"line":17,"column":0},"end":{"line":17,"column":16}},"17":{"start":{"line":18,"column":0},"end":{"line":18,"column":20}},"18":{"start":{"line":19,"column":0},"end":{"line":19,"column":39}},"19":{"start":{"line":20,"column":0},"end":{"line":20,"column":12}},"20":{"start":{"line":21,"column":0},"end":{"line":21,"column":38}},"21":{"start":{"line":22,"column":0},"end":{"line":22,"column":5}},"22":{"start":{"line":23,"column":0},"end":{"line":23,"column":3}},"23":{"start":{"line":24,"column":0},"end":{"line":24,"column":0}},"24":{"start":{"line":25,"column":0},"end":{"line":25,"column":15}},"25":{"start":{"line":26,"column":0},"end":{"line":26,"column":20}},"26":{"start":{"line":27,"column":0},"end":{"line":27,"column":30}},"27":{"start":{"line":28,"column":0},"end":{"line":28,"column":12}},"28":{"start":{"line":29,"column":0},"end":{"line":29,"column":38}},"29":{"start":{"line":30,"column":0},"end":{"line":30,"column":5}},"30":{"start":{"line":31,"column":0},"end":{"line":31,"column":3}},"31":{"start":{"line":32,"column":0},"end":{"line":32,"column":0}},"32":{"start":{"line":33,"column":0},"end":{"line":33,"column":23}},"33":{"start":{"line":34,"column":0},"end":{"line":34,"column":0}},"34":{"start":{"line":35,"column":0},"end":{"line":35,"column":61}},"35":{"start":{"line":36,"column":0},"end":{"line":36,"column":38}},"36":{"start":{"line":37,"column":0},"end":{"line":37,"column":12}},"37":{"start":{"line":38,"column":0},"end":{"line":38,"column":18}},"38":{"start":{"line":39,"column":0},"end":{"line":39,"column":5}},"39":{"start":{"line":40,"column":0},"end":{"line":40,"column":3}},"40":{"start":{"line":41,"column":0},"end":{"line":41,"column":0}},"41":{"start":{"line":42,"column":0},"end":{"line":42,"column":1}},"42":{"start":{"line":43,"column":0},"end":{"line":43,"column":0}},"43":{"start":{"line":44,"column":0},"end":{"line":44,"column":23}}},"s":{"0":1,"1":1,"2":1,"3":1,"4":1,"5":1,"6":1,"7":3,"8":3,"9":2,"10":2,"11":1,"12":1,"13":3,"14":3,"15":1,"16":1,"17":2,"18":2,"19":2,"20":0,"21":0,"22":2,"23":1,"24":1,"25":2,"26":2,"27":2,"28":0,"29":0,"30":2,"31":1,"32":1,"33":3,"34":3,"35":2,"36":3,"37":1,"38":1,"39":3,"40":1,"41":1,"42":1,"43":1},"branchMap":{"0":{"type":"branch","line":7,"loc":{"start":{"line":7,"column":2},"end":{"line":15,"column":3}},"locations":[{"start":{"line":7,"column":2},"end":{"line":15,"column":3}}]},"1":{"type":"branch","line":9,"loc":{"start":{"line":9,"column":25},"end":{"line":13,"column":5}},"locations":[{"start":{"line":9,"column":25},"end":{"line":13,"column":5}}]},"2":{"type":"branch","line":11,"loc":{"start":{"line":11,"column":5},"end":{"line":13,"column":5}},"locations":[{"start":{"line":11,"column":5},"end":{"line":13,"column":5}}]},"3":{"type":"branch","line":17,"loc":{"start":{"line":17,"column":2},"end":{"line":23,"column":3}},"locations":[{"start":{"line":17,"column":2},"end":{"line":23,"column":3}}]},"4":{"type":"branch","line":20,"loc":{"start":{"line":20,"column":5},"end":{"line":22,"column":5}},"locations":[{"start":{"line":20,"column":5},"end":{"line":22,"column":5}}]},"5":{"type":"branch","line":25,"loc":{"start":{"line":25,"column":2},"end":{"line":31,"column":3}},"locations":[{"start":{"line":25,"column":2},"end":{"line":31,"column":3}}]},"6":{"type":"branch","line":28,"loc":{"start":{"line":28,"column":5},"end":{"line":30,"column":5}},"locations":[{"start":{"line":28,"column":5},"end":{"line":30,"column":5}}]},"7":{"type":"branch","line":33,"loc":{"start":{"line":33,"column":2},"end":{"line":40,"column":3}},"locations":[{"start":{"line":33,"column":2},"end":{"line":40,"column":3}}]},"8":{"type":"branch","line":35,"loc":{"start":{"line":35,"column":8},"end":{"line":35,"column":48}},"locations":[{"start":{"line":35,"column":8},"end":{"line":35,"column":48}}]},"9":{"type":"branch","line":35,"loc":{"start":{"line":35,"column":60},"end":{"line":37,"column":11}},"locations":[{"start":{"line":35,"column":60},"end":{"line":37,"column":11}}]},"10":{"type":"branch","line":37,"loc":{"start":{"line":37,"column":5},"end":{"line":39,"column":5}},"locations":[{"start":{"line":37,"column":5},"end":{"line":39,"column":5}}]}},"b":{"0":[3],"1":[2],"2":[1],"3":[2],"4":[0],"5":[2],"6":[0],"7":[3],"8":[2],"9":[2],"10":[1]},"fnMap":{"0":{"name":"Boleto","decl":{"start":{"line":7,"column":2},"end":{"line":15,"column":3}},"loc":{"start":{"line":7,"column":2},"end":{"line":15,"column":3}},"line":7},"1":{"name":"getBarcode","decl":{"start":{"line":17,"column":2},"end":{"line":23,"column":3}},"loc":{"start":{"line":17,"column":2},"end":{"line":23,"column":3}},"line":17},"2":{"name":"getAmount","decl":{"start":{"line":25,"column":2},"end":{"line":31,"column":3}},"loc":{"start":{"line":25,"column":2},"end":{"line":31,"column":3}},"line":25},"3":{"name":"getExpirationDate","decl":{"start":{"line":33,"column":2},"end":{"line":40,"column":3}},"loc":{"start":{"line":33,"column":2},"end":{"line":40,"column":3}},"line":33}},"f":{"0":3,"1":2,"2":2,"3":3}}
,"/media/lucas/80BAFBF4BAFBE516/desafio_ewally/src/routes/controllers/boleto.js": {"path":"/media/lucas/80BAFBF4BAFBE516/desafio_ewally/src/routes/controllers/boleto.js","all":false,"statementMap":{"0":{"start":{"line":1,"column":0},"end":{"line":1,"column":34}},"1":{"start":{"line":2,"column":0},"end":{"line":2,"column":31}},"2":{"start":{"line":3,"column":0},"end":{"line":3,"column":70}},"3":{"start":{"line":4,"column":0},"end":{"line":4,"column":47}},"4":{"start":{"line":5,"column":0},"end":{"line":5,"column":49}},"5":{"start":{"line":6,"column":0},"end":{"line":6,"column":0}},"6":{"start":{"line":7,"column":0},"end":{"line":7,"column":61}},"7":{"start":{"line":8,"column":0},"end":{"line":8,"column":19}},"8":{"start":{"line":9,"column":0},"end":{"line":9,"column":0}},"9":{"start":{"line":10,"column":0},"end":{"line":10,"column":7}},"10":{"start":{"line":11,"column":0},"end":{"line":11,"column":33}},"11":{"start":{"line":12,"column":0},"end":{"line":12,"column":40}},"12":{"start":{"line":13,"column":0},"end":{"line":13,"column":17}},"13":{"start":{"line":14,"column":0},"end":{"line":14,"column":36}},"14":{"start":{"line":15,"column":0},"end":{"line":15,"column":3}},"15":{"start":{"line":16,"column":0},"end":{"line":16,"column":0}},"16":{"start":{"line":17,"column":0},"end":{"line":17,"column":18}},"17":{"start":{"line":18,"column":0},"end":{"line":18,"column":35}},"18":{"start":{"line":19,"column":0},"end":{"line":19,"column":32}},"19":{"start":{"line":20,"column":0},"end":{"line":20,"column":3}},"20":{"start":{"line":21,"column":0},"end":{"line":21,"column":0}},"21":{"start":{"line":22,"column":0},"end":{"line":22,"column":34}},"22":{"start":{"line":23,"column":0},"end":{"line":23,"column":79}},"23":{"start":{"line":24,"column":0},"end":{"line":24,"column":3}},"24":{"start":{"line":25,"column":0},"end":{"line":25,"column":0}},"25":{"start":{"line":26,"column":0},"end":{"line":26,"column":39}},"26":{"start":{"line":27,"column":0},"end":{"line":27,"column":2}},"27":{"start":{"line":28,"column":0},"end":{"line":28,"column":0}},"28":{"start":{"line":29,"column":0},"end":{"line":29,"column":23}}},"s":{"0":1,"1":1,"2":1,"3":1,"4":1,"5":1,"6":1,"7":3,"8":3,"9":3,"10":3,"11":3,"12":3,"13":1,"14":1,"15":2,"16":2,"17":2,"18":2,"19":2,"20":2,"21":3,"22":1,"23":1,"24":2,"25":2,"26":2,"27":1,"28":1},"branchMap":{"0":{"type":"branch","line":7,"loc":{"start":{"line":7,"column":46},"end":{"line":27,"column":2}},"locations":[{"start":{"line":7,"column":46},"end":{"line":27,"column":2}}]},"1":{"type":"branch","line":13,"loc":{"start":{"line":13,"column":4},"end":{"line":22,"column":6}},"locations":[{"start":{"line":13,"column":4},"end":{"line":22,"column":6}}]},"2":{"type":"branch","line":13,"loc":{"start":{"line":13,"column":4},"end":{"line":15,"column":3}},"locations":[{"start":{"line":13,"column":4},"end":{"line":15,"column":3}}]},"3":{"type":"branch","line":22,"loc":{"start":{"line":22,"column":33},"end":{"line":24,"column":3}},"locations":[{"start":{"line":22,"column":33},"end":{"line":24,"column":3}}]},"4":{"type":"branch","line":25,"loc":{"start":{"line":25,"column":-1},"end":{"line":27,"column":2}},"locations":[{"start":{"line":25,"column":-1},"end":{"line":27,"column":2}}]}},"b":{"0":[3],"1":[2],"2":[1],"3":[1],"4":[2]},"fnMap":{},"f":{}}
,"/media/lucas/80BAFBF4BAFBE516/desafio_ewally/src/routes/controllers/index.js": {"path":"/media/lucas/80BAFBF4BAFBE516/desafio_ewally/src/routes/controllers/index.js","all":false,"statementMap":{"0":{"start":{"line":1,"column":0},"end":{"line":1,"column":34}},"1":{"start":{"line":2,"column":0},"end":{"line":2,"column":0}},"2":{"start":{"line":3,"column":0},"end":{"line":3,"column":31}},"3":{"start":{"line":4,"column":0},"end":{"line":4,"column":0}},"4":{"start":{"line":5,"column":0},"end":{"line":5,"column":28}},"5":{"start":{"line":6,"column":0},"end":{"line":6,"column":0}},"6":{"start":{"line":7,"column":0},"end":{"line":7,"column":37}},"7":{"start":{"line":8,"column":0},"end":{"line":8,"column":78}},"8":{"start":{"line":9,"column":0},"end":{"line":9,"column":2}},"9":{"start":{"line":10,"column":0},"end":{"line":10,"column":0}},"10":{"start":{"line":11,"column":0},"end":{"line":11,"column":42}},"11":{"start":{"line":12,"column":0},"end":{"line":12,"column":0}},"12":{"start":{"line":13,"column":0},"end":{"line":13,"column":23}}},"s":{"0":1,"1":1,"2":1,"3":1,"4":1,"5":1,"6":1,"7":4,"8":4,"9":1,"10":1,"11":1,"12":1},"branchMap":{"0":{"type":"branch","line":7,"loc":{"start":{"line":7,"column":22},"end":{"line":9,"column":2}},"locations":[{"start":{"line":7,"column":22},"end":{"line":9,"column":2}}]}},"b":{"0":[4]},"fnMap":{},"f":{}}
,"/media/lucas/80BAFBF4BAFBE516/desafio_ewally/src/routes/schemas/code.js": {"path":"/media/lucas/80BAFBF4BAFBE516/desafio_ewally/src/routes/schemas/code.js","all":false,"statementMap":{"0":{"start":{"line":1,"column":0},"end":{"line":1,"column":20}},"1":{"start":{"line":2,"column":0},"end":{"line":2,"column":9}},"2":{"start":{"line":3,"column":0},"end":{"line":3,"column":17}},"3":{"start":{"line":4,"column":0},"end":{"line":4,"column":19}},"4":{"start":{"line":5,"column":0},"end":{"line":5,"column":15}},"5":{"start":{"line":6,"column":0},"end":{"line":6,"column":16}},"6":{"start":{"line":7,"column":0},"end":{"line":7,"column":16}},"7":{"start":{"line":8,"column":0},"end":{"line":8,"column":15}},"8":{"start":{"line":9,"column":0},"end":{"line":9,"column":8}},"9":{"start":{"line":10,"column":0},"end":{"line":10,"column":6}},"10":{"start":{"line":11,"column":0},"end":{"line":11,"column":56}},"11":{"start":{"line":12,"column":0},"end":{"line":12,"column":3}},"12":{"start":{"line":13,"column":0},"end":{"line":13,"column":1}},"13":{"start":{"line":14,"column":0},"end":{"line":14,"column":0}},"14":{"start":{"line":15,"column":0},"end":{"line":15,"column":30}}},"s":{"0":1,"1":1,"2":1,"3":1,"4":1,"5":1,"6":1,"7":1,"8":1,"9":1,"10":1,"11":1,"12":1,"13":1,"14":1},"branchMap":{},"b":{},"fnMap":{},"f":{}}
,"/media/lucas/80BAFBF4BAFBE516/desafio_ewally/src/services/boleto-arrecadacao.js": {"path":"/media/lucas/80BAFBF4BAFBE516/desafio_ewally/src/services/boleto-arrecadacao.js","all":false,"statementMap":{"0":{"start":{"line":1,"column":0},"end":{"line":1,"column":69}},"1":{"start":{"line":2,"column":0},"end":{"line":2,"column":48}},"2":{"start":{"line":3,"column":0},"end":{"line":3,"column":80}},"3":{"start":{"line":4,"column":0},"end":{"line":4,"column":1}},"4":{"start":{"line":5,"column":0},"end":{"line":5,"column":51}},"5":{"start":{"line":6,"column":0},"end":{"line":6,"column":0}},"6":{"start":{"line":7,"column":0},"end":{"line":7,"column":74}},"7":{"start":{"line":8,"column":0},"end":{"line":8,"column":2}},"8":{"start":{"line":9,"column":0},"end":{"line":9,"column":39}},"9":{"start":{"line":10,"column":0},"end":{"line":10,"column":30}},"10":{"start":{"line":11,"column":0},"end":{"line":11,"column":60}},"11":{"start":{"line":12,"column":0},"end":{"line":12,"column":2}},"12":{"start":{"line":13,"column":0},"end":{"line":13,"column":12}},"13":{"start":{"line":14,"column":0},"end":{"line":14,"column":2}},"14":{"start":{"line":15,"column":0},"end":{"line":15,"column":46}},"15":{"start":{"line":16,"column":0},"end":{"line":16,"column":20}},"16":{"start":{"line":17,"column":0},"end":{"line":17,"column":53}},"17":{"start":{"line":18,"column":0},"end":{"line":18,"column":32}},"18":{"start":{"line":19,"column":0},"end":{"line":19,"column":9}},"19":{"start":{"line":20,"column":0},"end":{"line":20,"column":16}},"20":{"start":{"line":21,"column":0},"end":{"line":21,"column":3}},"21":{"start":{"line":22,"column":0},"end":{"line":22,"column":2}},"22":{"start":{"line":23,"column":0},"end":{"line":23,"column":29}},"23":{"start":{"line":24,"column":0},"end":{"line":24,"column":1}},"24":{"start":{"line":25,"column":0},"end":{"line":25,"column":0}},"25":{"start":{"line":26,"column":0},"end":{"line":26,"column":53}},"26":{"start":{"line":27,"column":0},"end":{"line":27,"column":2}},"27":{"start":{"line":28,"column":0},"end":{"line":28,"column":31}},"28":{"start":{"line":29,"column":0},"end":{"line":29,"column":2}},"29":{"start":{"line":30,"column":0},"end":{"line":30,"column":68}},"30":{"start":{"line":31,"column":0},"end":{"line":31,"column":2}},"31":{"start":{"line":32,"column":0},"end":{"line":32,"column":92}},"32":{"start":{"line":33,"column":0},"end":{"line":33,"column":2}},"33":{"start":{"line":34,"column":0},"end":{"line":34,"column":36}},"34":{"start":{"line":35,"column":0},"end":{"line":35,"column":2}},"35":{"start":{"line":36,"column":0},"end":{"line":36,"column":12}},"36":{"start":{"line":37,"column":0},"end":{"line":37,"column":2}},"37":{"start":{"line":38,"column":0},"end":{"line":38,"column":46}},"38":{"start":{"line":39,"column":0},"end":{"line":39,"column":22}},"39":{"start":{"line":40,"column":0},"end":{"line":40,"column":2}},"40":{"start":{"line":41,"column":0},"end":{"line":41,"column":52}},"41":{"start":{"line":42,"column":0},"end":{"line":42,"column":33}},"42":{"start":{"line":43,"column":0},"end":{"line":43,"column":2}},"43":{"start":{"line":44,"column":0},"end":{"line":44,"column":9}},"44":{"start":{"line":45,"column":0},"end":{"line":45,"column":16}},"45":{"start":{"line":46,"column":0},"end":{"line":46,"column":3}},"46":{"start":{"line":47,"column":0},"end":{"line":47,"column":0}},"47":{"start":{"line":48,"column":0},"end":{"line":48,"column":58}},"48":{"start":{"line":49,"column":0},"end":{"line":49,"column":0}},"49":{"start":{"line":50,"column":0},"end":{"line":50,"column":40}},"50":{"start":{"line":51,"column":0},"end":{"line":51,"column":42}},"51":{"start":{"line":52,"column":0},"end":{"line":52,"column":4}},"52":{"start":{"line":53,"column":0},"end":{"line":53,"column":12}},"53":{"start":{"line":54,"column":0},"end":{"line":54,"column":37}},"54":{"start":{"line":55,"column":0},"end":{"line":55,"column":38}},"55":{"start":{"line":56,"column":0},"end":{"line":56,"column":5}},"56":{"start":{"line":57,"column":0},"end":{"line":57,"column":0}},"57":{"start":{"line":58,"column":0},"end":{"line":58,"column":4}},"58":{"start":{"line":59,"column":0},"end":{"line":59,"column":0}},"59":{"start":{"line":60,"column":0},"end":{"line":60,"column":71}},"60":{"start":{"line":61,"column":0},"end":{"line":61,"column":31}},"61":{"start":{"line":62,"column":0},"end":{"line":62,"column":1}},"62":{"start":{"line":63,"column":0},"end":{"line":63,"column":0}},"63":{"start":{"line":64,"column":0},"end":{"line":64,"column":48}}},"s":{"0":1,"1":1,"2":1,"3":1,"4":1,"5":12,"6":12,"7":12,"8":12,"9":12,"10":12,"11":12,"12":12,"13":12,"14":12,"15":6,"16":6,"17":5,"18":6,"19":1,"20":1,"21":11,"22":11,"23":11,"24":1,"25":1,"26":13,"27":13,"28":13,"29":13,"30":12,"31":12,"32":12,"33":12,"34":12,"35":12,"36":12,"37":13,"38":6,"39":6,"40":6,"41":5,"42":5,"43":6,"44":1,"45":1,"46":11,"47":11,"48":44,"49":44,"50":44,"51":44,"52":44,"53":44,"54":44,"55":44,"56":44,"57":44,"58":11,"59":11,"60":13,"61":13,"62":1,"63":1},"branchMap":{"0":{"type":"branch","line":5,"loc":{"start":{"line":5,"column":39},"end":{"line":24,"column":1}},"locations":[{"start":{"line":5,"column":39},"end":{"line":24,"column":1}}]},"1":{"type":"branch","line":7,"loc":{"start":{"line":7,"column":62},"end":{"line":7,"column":69}},"locations":[{"start":{"line":7,"column":62},"end":{"line":7,"column":69}}]},"2":{"type":"branch","line":15,"loc":{"start":{"line":15,"column":6},"end":{"line":15,"column":45}},"locations":[{"start":{"line":15,"column":6},"end":{"line":15,"column":45}}]},"3":{"type":"branch","line":15,"loc":{"start":{"line":15,"column":45},"end":{"line":21,"column":3}},"locations":[{"start":{"line":15,"column":45},"end":{"line":21,"column":3}}]},"4":{"type":"branch","line":17,"loc":{"start":{"line":17,"column":12},"end":{"line":17,"column":51}},"locations":[{"start":{"line":17,"column":12},"end":{"line":17,"column":51}}]},"5":{"type":"branch","line":17,"loc":{"start":{"line":17,"column":51},"end":{"line":19,"column":7}},"locations":[{"start":{"line":17,"column":51},"end":{"line":19,"column":7}}]},"6":{"type":"branch","line":19,"loc":{"start":{"line":19,"column":3},"end":{"line":21,"column":3}},"locations":[{"start":{"line":19,"column":3},"end":{"line":21,"column":3}}]},"7":{"type":"branch","line":22,"loc":{"start":{"line":22,"column":-1},"end":{"line":24,"column":1}},"locations":[{"start":{"line":22,"column":-1},"end":{"line":24,"column":1}}]},"8":{"type":"branch","line":26,"loc":{"start":{"line":26,"column":41},"end":{"line":62,"column":1}},"locations":[{"start":{"line":26,"column":41},"end":{"line":62,"column":1}}]},"9":{"type":"branch","line":30,"loc":{"start":{"line":30,"column":56},"end":{"line":30,"column":63}},"locations":[{"start":{"line":30,"column":56},"end":{"line":30,"column":63}}]},"10":{"type":"branch","line":30,"loc":{"start":{"line":30,"column":56},"end":{"line":38,"column":17}},"locations":[{"start":{"line":30,"column":56},"end":{"line":38,"column":17}}]},"11":{"type":"branch","line":38,"loc":{"start":{"line":38,"column":6},"end":{"line":38,"column":45}},"locations":[{"start":{"line":38,"column":6},"end":{"line":38,"column":45}}]},"12":{"type":"branch","line":38,"loc":{"start":{"line":38,"column":45},"end":{"line":46,"column":3}},"locations":[{"start":{"line":38,"column":45},"end":{"line":46,"column":3}}]},"13":{"type":"branch","line":41,"loc":{"start":{"line":41,"column":12},"end":{"line":41,"column":51}},"locations":[{"start":{"line":41,"column":12},"end":{"line":41,"column":51}}]},"14":{"type":"branch","line":41,"loc":{"start":{"line":41,"column":51},"end":{"line":44,"column":7}},"locations":[{"start":{"line":41,"column":51},"end":{"line":44,"column":7}}]},"15":{"type":"branch","line":44,"loc":{"start":{"line":44,"column":3},"end":{"line":46,"column":3}},"locations":[{"start":{"line":44,"column":3},"end":{"line":46,"column":3}}]},"16":{"type":"branch","line":47,"loc":{"start":{"line":47,"column":-1},"end":{"line":61,"column":24}},"locations":[{"start":{"line":47,"column":-1},"end":{"line":61,"column":24}}]},"17":{"type":"branch","line":61,"loc":{"start":{"line":61,"column":20},"end":{"line":61,"column":31}},"locations":[{"start":{"line":61,"column":20},"end":{"line":61,"column":31}}]},"18":{"type":"branch","line":48,"loc":{"start":{"line":48,"column":43},"end":{"line":58,"column":4}},"locations":[{"start":{"line":48,"column":43},"end":{"line":58,"column":4}}]},"19":{"type":"branch","line":60,"loc":{"start":{"line":60,"column":35},"end":{"line":60,"column":65}},"locations":[{"start":{"line":60,"column":35},"end":{"line":60,"column":65}}]}},"b":{"0":[12],"1":[0],"2":[6],"3":[6],"4":[1],"5":[5],"6":[1],"7":[11],"8":[13],"9":[1],"10":[12],"11":[6],"12":[6],"13":[1],"14":[5],"15":[1],"16":[11],"17":[9],"18":[44],"19":[41]},"fnMap":{"0":{"name":"boletoArrecadacaoCodigoBarras","decl":{"start":{"line":5,"column":39},"end":{"line":24,"column":1}},"loc":{"start":{"line":5,"column":39},"end":{"line":24,"column":1}},"line":5},"1":{"name":"boletoArrecadacaoLinhaDigitavel","decl":{"start":{"line":26,"column":41},"end":{"line":62,"column":1}},"loc":{"start":{"line":26,"column":41},"end":{"line":62,"column":1}},"line":26}},"f":{"0":12,"1":13}}
,"/media/lucas/80BAFBF4BAFBE516/desafio_ewally/src/services/boleto-bancario.js": {"path":"/media/lucas/80BAFBF4BAFBE516/desafio_ewally/src/services/boleto-bancario.js","all":false,"statementMap":{"0":{"start":{"line":1,"column":0},"end":{"line":1,"column":66}},"1":{"start":{"line":2,"column":0},"end":{"line":2,"column":77}},"2":{"start":{"line":3,"column":0},"end":{"line":3,"column":0}},"3":{"start":{"line":4,"column":0},"end":{"line":4,"column":48}},"4":{"start":{"line":5,"column":0},"end":{"line":5,"column":2}},"5":{"start":{"line":6,"column":0},"end":{"line":6,"column":47}},"6":{"start":{"line":7,"column":0},"end":{"line":7,"column":22}},"7":{"start":{"line":8,"column":0},"end":{"line":8,"column":60}},"8":{"start":{"line":9,"column":0},"end":{"line":9,"column":47}},"9":{"start":{"line":10,"column":0},"end":{"line":10,"column":1}},"10":{"start":{"line":11,"column":0},"end":{"line":11,"column":0}},"11":{"start":{"line":12,"column":0},"end":{"line":12,"column":48}},"12":{"start":{"line":13,"column":0},"end":{"line":13,"column":2}},"13":{"start":{"line":14,"column":0},"end":{"line":14,"column":27}},"14":{"start":{"line":15,"column":0},"end":{"line":15,"column":0}},"15":{"start":{"line":16,"column":0},"end":{"line":16,"column":47}},"16":{"start":{"line":17,"column":0},"end":{"line":17,"column":20}},"17":{"start":{"line":18,"column":0},"end":{"line":18,"column":7}},"18":{"start":{"line":19,"column":0},"end":{"line":19,"column":34}},"19":{"start":{"line":20,"column":0},"end":{"line":20,"column":34}},"20":{"start":{"line":21,"column":0},"end":{"line":21,"column":8}},"21":{"start":{"line":22,"column":0},"end":{"line":22,"column":7}},"22":{"start":{"line":23,"column":0},"end":{"line":23,"column":36}},"23":{"start":{"line":24,"column":0},"end":{"line":24,"column":35}},"24":{"start":{"line":25,"column":0},"end":{"line":25,"column":8}},"25":{"start":{"line":26,"column":0},"end":{"line":26,"column":7}},"26":{"start":{"line":27,"column":0},"end":{"line":27,"column":36}},"27":{"start":{"line":28,"column":0},"end":{"line":28,"column":35}},"28":{"start":{"line":29,"column":0},"end":{"line":29,"column":8}},"29":{"start":{"line":30,"column":0},"end":{"line":30,"column":5}},"30":{"start":{"line":31,"column":0},"end":{"line":31,"column":75}},"31":{"start":{"line":32,"column":0},"end":{"line":32,"column":89}},"32":{"start":{"line":33,"column":0},"end":{"line":33,"column":33}},"33":{"start":{"line":34,"column":0},"end":{"line":34,"column":3}},"34":{"start":{"line":35,"column":0},"end":{"line":35,"column":1}},"35":{"start":{"line":36,"column":0},"end":{"line":36,"column":0}},"36":{"start":{"line":37,"column":0},"end":{"line":37,"column":45}}},"s":{"0":1,"1":1,"2":1,"3":1,"4":8,"5":8,"6":8,"7":8,"8":8,"9":8,"10":1,"11":1,"12":8,"13":8,"14":8,"15":8,"16":8,"17":8,"18":8,"19":8,"20":8,"21":8,"22":8,"23":8,"24":8,"25":8,"26":8,"27":8,"28":8,"29":8,"30":8,"31":8,"32":8,"33":8,"34":8,"35":1,"36":1},"branchMap":{"0":{"type":"branch","line":4,"loc":{"start":{"line":4,"column":36},"end":{"line":10,"column":1}},"locations":[{"start":{"line":4,"column":36},"end":{"line":10,"column":1}}]},"1":{"type":"branch","line":6,"loc":{"start":{"line":6,"column":35},"end":{"line":6,"column":42}},"locations":[{"start":{"line":6,"column":35},"end":{"line":6,"column":42}}]},"2":{"type":"branch","line":12,"loc":{"start":{"line":12,"column":38},"end":{"line":35,"column":1}},"locations":[{"start":{"line":12,"column":38},"end":{"line":35,"column":1}}]},"3":{"type":"branch","line":16,"loc":{"start":{"line":16,"column":35},"end":{"line":16,"column":42}},"locations":[{"start":{"line":16,"column":35},"end":{"line":16,"column":42}}]},"4":{"type":"branch","line":33,"loc":{"start":{"line":33,"column":22},"end":{"line":33,"column":33}},"locations":[{"start":{"line":33,"column":22},"end":{"line":33,"column":33}}]},"5":{"type":"branch","line":31,"loc":{"start":{"line":31,"column":37},"end":{"line":31,"column":69}},"locations":[{"start":{"line":31,"column":37},"end":{"line":31,"column":69}}]}},"b":{"0":[8],"1":[0],"2":[8],"3":[0],"4":[6],"5":[20]},"fnMap":{"0":{"name":"boletoBancarioCodigoBarras","decl":{"start":{"line":4,"column":36},"end":{"line":10,"column":1}},"loc":{"start":{"line":4,"column":36},"end":{"line":10,"column":1}},"line":4},"1":{"name":"boletoBancarioLinhaDigitavel","decl":{"start":{"line":12,"column":38},"end":{"line":35,"column":1}},"loc":{"start":{"line":12,"column":38},"end":{"line":35,"column":1}},"line":12}},"f":{"0":8,"1":8}}
,"/media/lucas/80BAFBF4BAFBE516/desafio_ewally/src/services/code-validator.js": {"path":"/media/lucas/80BAFBF4BAFBE516/desafio_ewally/src/services/code-validator.js","all":false,"statementMap":{"0":{"start":{"line":1,"column":0},"end":{"line":1,"column":65}},"1":{"start":{"line":2,"column":0},"end":{"line":2,"column":71}},"2":{"start":{"line":3,"column":0},"end":{"line":3,"column":48}},"3":{"start":{"line":4,"column":0},"end":{"line":4,"column":0}},"4":{"start":{"line":5,"column":0},"end":{"line":5,"column":31}},"5":{"start":{"line":6,"column":0},"end":{"line":6,"column":32}},"6":{"start":{"line":7,"column":0},"end":{"line":7,"column":79}},"7":{"start":{"line":8,"column":0},"end":{"line":8,"column":82}},"8":{"start":{"line":9,"column":0},"end":{"line":9,"column":0}},"9":{"start":{"line":10,"column":0},"end":{"line":10,"column":14}},"10":{"start":{"line":11,"column":0},"end":{"line":11,"column":1}},"11":{"start":{"line":12,"column":0},"end":{"line":12,"column":0}},"12":{"start":{"line":13,"column":0},"end":{"line":13,"column":26}}},"s":{"0":1,"1":1,"2":1,"3":1,"4":1,"5":24,"6":24,"7":24,"8":3,"9":3,"10":3,"11":1,"12":1},"branchMap":{"0":{"type":"branch","line":5,"loc":{"start":{"line":5,"column":19},"end":{"line":11,"column":1}},"locations":[{"start":{"line":5,"column":19},"end":{"line":11,"column":1}}]},"1":{"type":"branch","line":7,"loc":{"start":{"line":7,"column":25},"end":{"line":8,"column":32}},"locations":[{"start":{"line":7,"column":25},"end":{"line":8,"column":32}}]},"2":{"type":"branch","line":7,"loc":{"start":{"line":7,"column":25},"end":{"line":7,"column":32}},"locations":[{"start":{"line":7,"column":25},"end":{"line":7,"column":32}}]},"3":{"type":"branch","line":7,"loc":{"start":{"line":7,"column":25},"end":{"line":8,"column":32}},"locations":[{"start":{"line":7,"column":25},"end":{"line":8,"column":32}}]},"4":{"type":"branch","line":7,"loc":{"start":{"line":7,"column":25},"end":{"line":8,"column":6}},"locations":[{"start":{"line":7,"column":25},"end":{"line":8,"column":6}}]},"5":{"type":"branch","line":8,"loc":{"start":{"line":8,"column":25},"end":{"line":8,"column":32}},"locations":[{"start":{"line":8,"column":25},"end":{"line":8,"column":32}}]},"6":{"type":"branch","line":8,"loc":{"start":{"line":8,"column":25},"end":{"line":11,"column":1}},"locations":[{"start":{"line":8,"column":25},"end":{"line":11,"column":1}}]}},"b":{"0":[24],"1":[23],"2":[8],"3":[22],"4":[16],"5":[13],"6":[3]},"fnMap":{"0":{"name":"validator","decl":{"start":{"line":5,"column":19},"end":{"line":11,"column":1}},"loc":{"start":{"line":5,"column":19},"end":{"line":11,"column":1}},"line":5}},"f":{"0":24}}
,"/media/lucas/80BAFBF4BAFBE516/desafio_ewally/src/utils/clear-mask.js": {"path":"/media/lucas/80BAFBF4BAFBE516/desafio_ewally/src/utils/clear-mask.js","all":false,"statementMap":{"0":{"start":{"line":1,"column":0},"end":{"line":1,"column":31}},"1":{"start":{"line":2,"column":0},"end":{"line":2,"column":41}},"2":{"start":{"line":3,"column":0},"end":{"line":3,"column":1}},"3":{"start":{"line":4,"column":0},"end":{"line":4,"column":0}},"4":{"start":{"line":5,"column":0},"end":{"line":5,"column":26}}},"s":{"0":1,"1":58,"2":58,"3":1,"4":1},"branchMap":{"0":{"type":"branch","line":1,"loc":{"start":{"line":1,"column":19},"end":{"line":3,"column":1}},"locations":[{"start":{"line":1,"column":19},"end":{"line":3,"column":1}}]}},"b":{"0":[58]},"fnMap":{"0":{"name":"clearMask","decl":{"start":{"line":1,"column":19},"end":{"line":3,"column":1}},"loc":{"start":{"line":1,"column":19},"end":{"line":3,"column":1}},"line":1}},"f":{"0":58}}
,"/media/lucas/80BAFBF4BAFBE516/desafio_ewally/src/utils/codigo-barras.js": {"path":"/media/lucas/80BAFBF4BAFBE516/desafio_ewally/src/utils/codigo-barras.js","all":false,"statementMap":{"0":{"start":{"line":1,"column":0},"end":{"line":1,"column":54}},"1":{"start":{"line":2,"column":0},"end":{"line":2,"column":2}},"2":{"start":{"line":3,"column":0},"end":{"line":3,"column":23}},"3":{"start":{"line":4,"column":0},"end":{"line":4,"column":43}},"4":{"start":{"line":5,"column":0},"end":{"line":5,"column":40}},"5":{"start":{"line":6,"column":0},"end":{"line":6,"column":42}},"6":{"start":{"line":7,"column":0},"end":{"line":7,"column":48}},"7":{"start":{"line":8,"column":0},"end":{"line":8,"column":3}},"8":{"start":{"line":9,"column":0},"end":{"line":9,"column":21}},"9":{"start":{"line":10,"column":0},"end":{"line":10,"column":1}},"10":{"start":{"line":11,"column":0},"end":{"line":11,"column":0}},"11":{"start":{"line":12,"column":0},"end":{"line":12,"column":51}},"12":{"start":{"line":13,"column":0},"end":{"line":13,"column":23}},"13":{"start":{"line":14,"column":0},"end":{"line":14,"column":66}},"14":{"start":{"line":15,"column":0},"end":{"line":15,"column":59}},"15":{"start":{"line":16,"column":0},"end":{"line":16,"column":48}},"16":{"start":{"line":17,"column":0},"end":{"line":17,"column":62}},"17":{"start":{"line":18,"column":0},"end":{"line":18,"column":59}},"18":{"start":{"line":19,"column":0},"end":{"line":19,"column":63}},"19":{"start":{"line":20,"column":0},"end":{"line":20,"column":65}},"20":{"start":{"line":21,"column":0},"end":{"line":21,"column":65}},"21":{"start":{"line":22,"column":0},"end":{"line":22,"column":21}},"22":{"start":{"line":23,"column":0},"end":{"line":23,"column":1}},"23":{"start":{"line":24,"column":0},"end":{"line":24,"column":0}},"24":{"start":{"line":25,"column":0},"end":{"line":25,"column":0}},"25":{"start":{"line":26,"column":0},"end":{"line":26,"column":36}},"26":{"start":{"line":27,"column":0},"end":{"line":27,"column":72}},"27":{"start":{"line":28,"column":0},"end":{"line":28,"column":75}},"28":{"start":{"line":29,"column":0},"end":{"line":29,"column":0}},"29":{"start":{"line":30,"column":0},"end":{"line":30,"column":14}},"30":{"start":{"line":31,"column":0},"end":{"line":31,"column":1}},"31":{"start":{"line":32,"column":0},"end":{"line":32,"column":0}},"32":{"start":{"line":33,"column":0},"end":{"line":33,"column":31}}},"s":{"0":1,"1":1,"2":1,"3":1,"4":4,"5":4,"6":4,"7":4,"8":1,"9":1,"10":1,"11":1,"12":1,"13":1,"14":1,"15":1,"16":1,"17":1,"18":1,"19":1,"20":1,"21":1,"22":1,"23":1,"24":1,"25":1,"26":2,"27":1,"28":0,"29":0,"30":0,"31":1,"32":1},"branchMap":{"0":{"type":"branch","line":1,"loc":{"start":{"line":1,"column":42},"end":{"line":10,"column":1}},"locations":[{"start":{"line":1,"column":42},"end":{"line":10,"column":1}}]},"1":{"type":"branch","line":4,"loc":{"start":{"line":4,"column":42},"end":{"line":8,"column":3}},"locations":[{"start":{"line":4,"column":42},"end":{"line":8,"column":3}}]},"2":{"type":"branch","line":12,"loc":{"start":{"line":12,"column":39},"end":{"line":23,"column":1}},"locations":[{"start":{"line":12,"column":39},"end":{"line":23,"column":1}}]},"3":{"type":"branch","line":26,"loc":{"start":{"line":26,"column":24},"end":{"line":31,"column":1}},"locations":[{"start":{"line":26,"column":24},"end":{"line":31,"column":1}}]},"4":{"type":"branch","line":27,"loc":{"start":{"line":27,"column":28},"end":{"line":31,"column":1}},"locations":[{"start":{"line":27,"column":28},"end":{"line":31,"column":1}}]},"5":{"type":"branch","line":28,"loc":{"start":{"line":28,"column":28},"end":{"line":31,"column":1}},"locations":[{"start":{"line":28,"column":28},"end":{"line":31,"column":1}}]}},"b":{"0":[1],"1":[4],"2":[1],"3":[2],"4":[1],"5":[0]},"fnMap":{"0":{"name":"getBoletoArrecadacaoCodigoBarras","decl":{"start":{"line":1,"column":42},"end":{"line":10,"column":1}},"loc":{"start":{"line":1,"column":42},"end":{"line":10,"column":1}},"line":1},"1":{"name":"getBoletoBancarioCodigoBarras","decl":{"start":{"line":12,"column":39},"end":{"line":23,"column":1}},"loc":{"start":{"line":12,"column":39},"end":{"line":23,"column":1}},"line":12},"2":{"name":"codigoDeBarras","decl":{"start":{"line":26,"column":24},"end":{"line":31,"column":1}},"loc":{"start":{"line":26,"column":24},"end":{"line":31,"column":1}},"line":26}},"f":{"0":1,"1":1,"2":2}}
,"/media/lucas/80BAFBF4BAFBE516/desafio_ewally/src/utils/conversor.js": {"path":"/media/lucas/80BAFBF4BAFBE516/desafio_ewally/src/utils/conversor.js","all":false,"statementMap":{"0":{"start":{"line":1,"column":0},"end":{"line":1,"column":0}},"1":{"start":{"line":2,"column":0},"end":{"line":2,"column":0}},"2":{"start":{"line":3,"column":0},"end":{"line":3,"column":60}},"3":{"start":{"line":4,"column":0},"end":{"line":4,"column":2}},"4":{"start":{"line":5,"column":0},"end":{"line":5,"column":23}},"5":{"start":{"line":6,"column":0},"end":{"line":6,"column":43}},"6":{"start":{"line":7,"column":0},"end":{"line":7,"column":40}},"7":{"start":{"line":8,"column":0},"end":{"line":8,"column":42}},"8":{"start":{"line":9,"column":0},"end":{"line":9,"column":48}},"9":{"start":{"line":10,"column":0},"end":{"line":10,"column":3}},"10":{"start":{"line":11,"column":0},"end":{"line":11,"column":21}},"11":{"start":{"line":12,"column":0},"end":{"line":12,"column":1}},"12":{"start":{"line":13,"column":0},"end":{"line":13,"column":0}},"13":{"start":{"line":14,"column":0},"end":{"line":14,"column":57}},"14":{"start":{"line":15,"column":0},"end":{"line":15,"column":23}},"15":{"start":{"line":16,"column":0},"end":{"line":16,"column":66}},"16":{"start":{"line":17,"column":0},"end":{"line":17,"column":59}},"17":{"start":{"line":18,"column":0},"end":{"line":18,"column":48}},"18":{"start":{"line":19,"column":0},"end":{"line":19,"column":62}},"19":{"start":{"line":20,"column":0},"end":{"line":20,"column":59}},"20":{"start":{"line":21,"column":0},"end":{"line":21,"column":63}},"21":{"start":{"line":22,"column":0},"end":{"line":22,"column":65}},"22":{"start":{"line":23,"column":0},"end":{"line":23,"column":65}},"23":{"start":{"line":24,"column":0},"end":{"line":24,"column":21}},"24":{"start":{"line":25,"column":0},"end":{"line":25,"column":1}},"25":{"start":{"line":26,"column":0},"end":{"line":26,"column":0}},"26":{"start":{"line":27,"column":0},"end":{"line":27,"column":94}}},"s":{"0":1,"1":1,"2":1,"3":12,"4":12,"5":12,"6":48,"7":48,"8":48,"9":48,"10":12,"11":12,"12":1,"13":1,"14":8,"15":8,"16":8,"17":8,"18":8,"19":8,"20":8,"21":8,"22":8,"23":8,"24":8,"25":1,"26":1},"branchMap":{"0":{"type":"branch","line":3,"loc":{"start":{"line":3,"column":48},"end":{"line":12,"column":1}},"locations":[{"start":{"line":3,"column":48},"end":{"line":12,"column":1}}]},"1":{"type":"branch","line":6,"loc":{"start":{"line":6,"column":42},"end":{"line":10,"column":3}},"locations":[{"start":{"line":6,"column":42},"end":{"line":10,"column":3}}]},"2":{"type":"branch","line":14,"loc":{"start":{"line":14,"column":45},"end":{"line":25,"column":1}},"locations":[{"start":{"line":14,"column":45},"end":{"line":25,"column":1}}]}},"b":{"0":[12],"1":[48],"2":[8]},"fnMap":{"0":{"name":"convertToBoletoArrecadacaoCodigoBarras","decl":{"start":{"line":3,"column":48},"end":{"line":12,"column":1}},"loc":{"start":{"line":3,"column":48},"end":{"line":12,"column":1}},"line":3},"1":{"name":"convertToBoletoBancarioCodigoBarras","decl":{"start":{"line":14,"column":45},"end":{"line":25,"column":1}},"loc":{"start":{"line":14,"column":45},"end":{"line":25,"column":1}},"line":14}},"f":{"0":12,"1":8}}
,"/media/lucas/80BAFBF4BAFBE516/desafio_ewally/src/utils/data-vencimento.js": {"path":"/media/lucas/80BAFBF4BAFBE516/desafio_ewally/src/utils/data-vencimento.js","all":false,"statementMap":{"0":{"start":{"line":1,"column":0},"end":{"line":1,"column":46}},"1":{"start":{"line":2,"column":0},"end":{"line":2,"column":0}},"2":{"start":{"line":3,"column":0},"end":{"line":3,"column":55}},"3":{"start":{"line":4,"column":0},"end":{"line":4,"column":0}},"4":{"start":{"line":5,"column":0},"end":{"line":5,"column":116}},"5":{"start":{"line":6,"column":0},"end":{"line":6,"column":1}},"6":{"start":{"line":7,"column":0},"end":{"line":7,"column":0}},"7":{"start":{"line":8,"column":0},"end":{"line":8,"column":43}},"8":{"start":{"line":9,"column":0},"end":{"line":9,"column":0}},"9":{"start":{"line":10,"column":0},"end":{"line":10,"column":40}},"10":{"start":{"line":11,"column":0},"end":{"line":11,"column":34}},"11":{"start":{"line":12,"column":0},"end":{"line":12,"column":68}},"12":{"start":{"line":13,"column":0},"end":{"line":13,"column":2}},"13":{"start":{"line":14,"column":0},"end":{"line":14,"column":118}},"14":{"start":{"line":15,"column":0},"end":{"line":15,"column":0}},"15":{"start":{"line":16,"column":0},"end":{"line":16,"column":1}},"16":{"start":{"line":17,"column":0},"end":{"line":17,"column":0}},"17":{"start":{"line":18,"column":0},"end":{"line":18,"column":0}},"18":{"start":{"line":19,"column":0},"end":{"line":19,"column":35}},"19":{"start":{"line":20,"column":0},"end":{"line":20,"column":64}},"20":{"start":{"line":21,"column":0},"end":{"line":21,"column":67}},"21":{"start":{"line":22,"column":0},"end":{"line":22,"column":0}},"22":{"start":{"line":23,"column":0},"end":{"line":23,"column":14}},"23":{"start":{"line":24,"column":0},"end":{"line":24,"column":1}},"24":{"start":{"line":25,"column":0},"end":{"line":25,"column":0}},"25":{"start":{"line":26,"column":0},"end":{"line":26,"column":30}}},"s":{"0":1,"1":0,"2":0,"3":0,"4":0,"5":0,"6":1,"7":1,"8":4,"9":4,"10":4,"11":4,"12":4,"13":4,"14":4,"15":4,"16":1,"17":1,"18":1,"19":4,"20":0,"21":0,"22":0,"23":0,"24":1,"25":1},"branchMap":{"0":{"type":"branch","line":8,"loc":{"start":{"line":8,"column":31},"end":{"line":16,"column":1}},"locations":[{"start":{"line":8,"column":31},"end":{"line":16,"column":1}}]},"1":{"type":"branch","line":19,"loc":{"start":{"line":19,"column":23},"end":{"line":24,"column":1}},"locations":[{"start":{"line":19,"column":23},"end":{"line":24,"column":1}}]},"2":{"type":"branch","line":20,"loc":{"start":{"line":20,"column":28},"end":{"line":24,"column":1}},"locations":[{"start":{"line":20,"column":28},"end":{"line":24,"column":1}}]}},"b":{"0":[4],"1":[4],"2":[0]},"fnMap":{"0":{"name":"getBoletoArrecadacaoData","decl":{"start":{"line":1,"column":34},"end":{"line":6,"column":1}},"loc":{"start":{"line":1,"column":34},"end":{"line":6,"column":1}},"line":1},"1":{"name":"getBoletoBancarioData","decl":{"start":{"line":8,"column":31},"end":{"line":16,"column":1}},"loc":{"start":{"line":8,"column":31},"end":{"line":16,"column":1}},"line":8},"2":{"name":"getBoletoData","decl":{"start":{"line":19,"column":23},"end":{"line":24,"column":1}},"loc":{"start":{"line":19,"column":23},"end":{"line":24,"column":1}},"line":19}},"f":{"0":0,"1":4,"2":4}}
,"/media/lucas/80BAFBF4BAFBE516/desafio_ewally/src/utils/modulos.js": {"path":"/media/lucas/80BAFBF4BAFBE516/desafio_ewally/src/utils/modulos.js","all":false,"statementMap":{"0":{"start":{"line":1,"column":0},"end":{"line":1,"column":29}},"1":{"start":{"line":2,"column":0},"end":{"line":2,"column":42}},"2":{"start":{"line":3,"column":0},"end":{"line":3,"column":60}},"3":{"start":{"line":4,"column":0},"end":{"line":4,"column":56}},"4":{"start":{"line":5,"column":0},"end":{"line":5,"column":66}},"5":{"start":{"line":6,"column":0},"end":{"line":6,"column":21}},"6":{"start":{"line":7,"column":0},"end":{"line":7,"column":7}},"7":{"start":{"line":8,"column":0},"end":{"line":8,"column":53}},"8":{"start":{"line":9,"column":0},"end":{"line":9,"column":1}},"9":{"start":{"line":10,"column":0},"end":{"line":10,"column":0}},"10":{"start":{"line":11,"column":0},"end":{"line":11,"column":37}},"11":{"start":{"line":12,"column":0},"end":{"line":12,"column":42}},"12":{"start":{"line":13,"column":0},"end":{"line":13,"column":23}},"13":{"start":{"line":14,"column":0},"end":{"line":14,"column":53}},"14":{"start":{"line":15,"column":0},"end":{"line":15,"column":48}},"15":{"start":{"line":16,"column":0},"end":{"line":16,"column":63}},"16":{"start":{"line":17,"column":0},"end":{"line":17,"column":21}},"17":{"start":{"line":18,"column":0},"end":{"line":18,"column":7}},"18":{"start":{"line":19,"column":0},"end":{"line":19,"column":37}},"19":{"start":{"line":20,"column":0},"end":{"line":20,"column":30}},"20":{"start":{"line":21,"column":0},"end":{"line":21,"column":50}},"21":{"start":{"line":22,"column":0},"end":{"line":22,"column":11}},"22":{"start":{"line":23,"column":0},"end":{"line":23,"column":1}},"23":{"start":{"line":24,"column":0},"end":{"line":24,"column":0}},"24":{"start":{"line":25,"column":0},"end":{"line":25,"column":40}},"25":{"start":{"line":26,"column":0},"end":{"line":26,"column":42}},"26":{"start":{"line":27,"column":0},"end":{"line":27,"column":23}},"27":{"start":{"line":28,"column":0},"end":{"line":28,"column":53}},"28":{"start":{"line":29,"column":0},"end":{"line":29,"column":48}},"29":{"start":{"line":30,"column":0},"end":{"line":30,"column":63}},"30":{"start":{"line":31,"column":0},"end":{"line":31,"column":21}},"31":{"start":{"line":32,"column":0},"end":{"line":32,"column":7}},"32":{"start":{"line":33,"column":0},"end":{"line":33,"column":37}},"33":{"start":{"line":34,"column":0},"end":{"line":34,"column":0}},"34":{"start":{"line":35,"column":0},"end":{"line":35,"column":49}},"35":{"start":{"line":36,"column":0},"end":{"line":36,"column":12}},"36":{"start":{"line":37,"column":0},"end":{"line":37,"column":3}},"37":{"start":{"line":38,"column":0},"end":{"line":38,"column":28}},"38":{"start":{"line":39,"column":0},"end":{"line":39,"column":12}},"39":{"start":{"line":40,"column":0},"end":{"line":40,"column":3}},"40":{"start":{"line":41,"column":0},"end":{"line":41,"column":2}},"41":{"start":{"line":42,"column":0},"end":{"line":42,"column":26}},"42":{"start":{"line":43,"column":0},"end":{"line":43,"column":1}},"43":{"start":{"line":44,"column":0},"end":{"line":44,"column":0}},"44":{"start":{"line":45,"column":0},"end":{"line":45,"column":68}}},"s":{"0":1,"1":48,"2":48,"3":692,"4":692,"5":692,"6":48,"7":48,"8":48,"9":1,"10":1,"11":8,"12":8,"13":8,"14":344,"15":344,"16":344,"17":8,"18":8,"19":8,"20":8,"21":8,"22":8,"23":1,"24":1,"25":24,"26":24,"27":24,"28":424,"29":424,"30":424,"31":24,"32":24,"33":24,"34":24,"35":5,"36":5,"37":24,"38":0,"39":0,"40":19,"41":19,"42":19,"43":1,"44":1},"branchMap":{"0":{"type":"branch","line":1,"loc":{"start":{"line":1,"column":18},"end":{"line":9,"column":1}},"locations":[{"start":{"line":1,"column":18},"end":{"line":9,"column":1}}]},"1":{"type":"branch","line":3,"loc":{"start":{"line":3,"column":34},"end":{"line":7,"column":5}},"locations":[{"start":{"line":3,"column":34},"end":{"line":7,"column":5}}]},"2":{"type":"branch","line":5,"loc":{"start":{"line":5,"column":12},"end":{"line":5,"column":61}},"locations":[{"start":{"line":5,"column":12},"end":{"line":5,"column":61}}]},"3":{"type":"branch","line":5,"loc":{"start":{"line":5,"column":12},"end":{"line":5,"column":66}},"locations":[{"start":{"line":5,"column":12},"end":{"line":5,"column":66}}]},"4":{"type":"branch","line":11,"loc":{"start":{"line":11,"column":26},"end":{"line":23,"column":1}},"locations":[{"start":{"line":11,"column":26},"end":{"line":23,"column":1}}]},"5":{"type":"branch","line":21,"loc":{"start":{"line":21,"column":42},"end":{"line":21,"column":49}},"locations":[{"start":{"line":21,"column":42},"end":{"line":21,"column":49}}]},"6":{"type":"branch","line":14,"loc":{"start":{"line":14,"column":34},"end":{"line":18,"column":5}},"locations":[{"start":{"line":14,"column":34},"end":{"line":18,"column":5}}]},"7":{"type":"branch","line":16,"loc":{"start":{"line":16,"column":20},"end":{"line":16,"column":46}},"locations":[{"start":{"line":16,"column":20},"end":{"line":16,"column":46}}]},"8":{"type":"branch","line":16,"loc":{"start":{"line":16,"column":20},"end":{"line":16,"column":63}},"locations":[{"start":{"line":16,"column":20},"end":{"line":16,"column":63}}]},"9":{"type":"branch","line":25,"loc":{"start":{"line":25,"column":29},"end":{"line":43,"column":1}},"locations":[{"start":{"line":25,"column":29},"end":{"line":43,"column":1}}]},"10":{"type":"branch","line":35,"loc":{"start":{"line":35,"column":6},"end":{"line":35,"column":48}},"locations":[{"start":{"line":35,"column":6},"end":{"line":35,"column":48}}]},"11":{"type":"branch","line":35,"loc":{"start":{"line":35,"column":48},"end":{"line":37,"column":3}},"locations":[{"start":{"line":35,"column":48},"end":{"line":37,"column":3}}]},"12":{"type":"branch","line":38,"loc":{"start":{"line":38,"column":-1},"end":{"line":38,"column":6}},"locations":[{"start":{"line":38,"column":-1},"end":{"line":38,"column":6}}]},"13":{"type":"branch","line":38,"loc":{"start":{"line":38,"column":27},"end":{"line":40,"column":3}},"locations":[{"start":{"line":38,"column":27},"end":{"line":40,"column":3}}]},"14":{"type":"branch","line":41,"loc":{"start":{"line":41,"column":-1},"end":{"line":43,"column":1}},"locations":[{"start":{"line":41,"column":-1},"end":{"line":43,"column":1}}]},"15":{"type":"branch","line":28,"loc":{"start":{"line":28,"column":34},"end":{"line":32,"column":5}},"locations":[{"start":{"line":28,"column":34},"end":{"line":32,"column":5}}]},"16":{"type":"branch","line":30,"loc":{"start":{"line":30,"column":20},"end":{"line":30,"column":46}},"locations":[{"start":{"line":30,"column":20},"end":{"line":30,"column":46}}]},"17":{"type":"branch","line":30,"loc":{"start":{"line":30,"column":20},"end":{"line":30,"column":63}},"locations":[{"start":{"line":30,"column":20},"end":{"line":30,"column":63}}]}},"b":{"0":[48],"1":[692],"2":[163],"3":[529],"4":[8],"5":[0],"6":[344],"7":[40],"8":[304],"9":[24],"10":[22],"11":[5],"12":[19],"13":[0],"14":[19],"15":[424],"16":[44],"17":[380]},"fnMap":{"0":{"name":"modulo10","decl":{"start":{"line":1,"column":18},"end":{"line":9,"column":1}},"loc":{"start":{"line":1,"column":18},"end":{"line":9,"column":1}},"line":1},"1":{"name":"modulo11Bancario","decl":{"start":{"line":11,"column":26},"end":{"line":23,"column":1}},"loc":{"start":{"line":11,"column":26},"end":{"line":23,"column":1}},"line":11},"2":{"name":"modulo11Arrecadacao","decl":{"start":{"line":25,"column":29},"end":{"line":43,"column":1}},"loc":{"start":{"line":25,"column":29},"end":{"line":43,"column":1}},"line":25}},"f":{"0":48,"1":8,"2":24}}
,"/media/lucas/80BAFBF4BAFBE516/desafio_ewally/src/utils/valor.js": {"path":"/media/lucas/80BAFBF4BAFBE516/desafio_ewally/src/utils/valor.js","all":false,"statementMap":{"0":{"start":{"line":1,"column":0},"end":{"line":1,"column":47}},"1":{"start":{"line":2,"column":0},"end":{"line":2,"column":77}},"2":{"start":{"line":3,"column":0},"end":{"line":3,"column":61}},"3":{"start":{"line":4,"column":0},"end":{"line":4,"column":1}},"4":{"start":{"line":5,"column":0},"end":{"line":5,"column":0}},"5":{"start":{"line":6,"column":0},"end":{"line":6,"column":44}},"6":{"start":{"line":7,"column":0},"end":{"line":7,"column":72}},"7":{"start":{"line":8,"column":0},"end":{"line":8,"column":1}},"8":{"start":{"line":9,"column":0},"end":{"line":9,"column":0}},"9":{"start":{"line":10,"column":0},"end":{"line":10,"column":0}},"10":{"start":{"line":11,"column":0},"end":{"line":11,"column":36}},"11":{"start":{"line":12,"column":0},"end":{"line":12,"column":65}},"12":{"start":{"line":13,"column":0},"end":{"line":13,"column":68}},"13":{"start":{"line":14,"column":0},"end":{"line":14,"column":0}},"14":{"start":{"line":15,"column":0},"end":{"line":15,"column":14}},"15":{"start":{"line":16,"column":0},"end":{"line":16,"column":1}},"16":{"start":{"line":17,"column":0},"end":{"line":17,"column":0}},"17":{"start":{"line":18,"column":0},"end":{"line":18,"column":31}}},"s":{"0":1,"1":1,"2":1,"3":1,"4":1,"5":1,"6":1,"7":1,"8":1,"9":1,"10":1,"11":2,"12":1,"13":0,"14":0,"15":0,"16":1,"17":1},"branchMap":{"0":{"type":"branch","line":1,"loc":{"start":{"line":1,"column":35},"end":{"line":4,"column":1}},"locations":[{"start":{"line":1,"column":35},"end":{"line":4,"column":1}}]},"1":{"type":"branch","line":3,"loc":{"start":{"line":3,"column":9},"end":{"line":3,"column":61}},"locations":[{"start":{"line":3,"column":9},"end":{"line":3,"column":61}}]},"2":{"type":"branch","line":6,"loc":{"start":{"line":6,"column":32},"end":{"line":8,"column":1}},"locations":[{"start":{"line":6,"column":32},"end":{"line":8,"column":1}}]},"3":{"type":"branch","line":11,"loc":{"start":{"line":11,"column":24},"end":{"line":16,"column":1}},"locations":[{"start":{"line":11,"column":24},"end":{"line":16,"column":1}}]},"4":{"type":"branch","line":12,"loc":{"start":{"line":12,"column":28},"end":{"line":16,"column":1}},"locations":[{"start":{"line":12,"column":28},"end":{"line":16,"column":1}}]},"5":{"type":"branch","line":13,"loc":{"start":{"line":13,"column":28},"end":{"line":16,"column":1}},"locations":[{"start":{"line":13,"column":28},"end":{"line":16,"column":1}}]}},"b":{"0":[1],"1":[0],"2":[1],"3":[2],"4":[1],"5":[0]},"fnMap":{"0":{"name":"getBoletoArrecadacaoValor","decl":{"start":{"line":1,"column":35},"end":{"line":4,"column":1}},"loc":{"start":{"line":1,"column":35},"end":{"line":4,"column":1}},"line":1},"1":{"name":"getBoletoBancarioValor","decl":{"start":{"line":6,"column":32},"end":{"line":8,"column":1}},"loc":{"start":{"line":6,"column":32},"end":{"line":8,"column":1}},"line":6},"2":{"name":"getBoletoValor","decl":{"start":{"line":11,"column":24},"end":{"line":16,"column":1}},"loc":{"start":{"line":11,"column":24},"end":{"line":16,"column":1}},"line":11}},"f":{"0":1,"1":1,"2":2}}
}
