TN:
SF:src/entities/boleto.js
FN:7,Boleto
FN:17,getBarcode
FN:25,getAmount
FN:33,getExpirationDate
FNF:4
FNH:4
FNDA:3,Boleto
FNDA:2,getBarcode
FNDA:2,getAmount
FNDA:3,getExpirationDate
DA:1,1
DA:2,1
DA:3,1
DA:4,1
DA:5,1
DA:6,1
DA:7,1
DA:8,3
DA:9,3
DA:10,2
DA:11,2
DA:12,1
DA:13,1
DA:14,3
DA:15,3
DA:16,1
DA:17,1
DA:18,2
DA:19,2
DA:20,2
DA:21,0
DA:22,0
DA:23,2
DA:24,1
DA:25,1
DA:26,2
DA:27,2
DA:28,2
DA:29,0
DA:30,0
DA:31,2
DA:32,1
DA:33,1
DA:34,3
DA:35,3
DA:36,2
DA:37,3
DA:38,1
DA:39,1
DA:40,3
DA:41,1
DA:42,1
DA:43,1
DA:44,1
LF:44
LH:40
BRDA:7,0,0,3
BRDA:9,1,0,2
BRDA:11,2,0,1
BRDA:17,3,0,2
BRDA:20,4,0,0
BRDA:25,5,0,2
BRDA:28,6,0,0
BRDA:33,7,0,3
BRDA:35,8,0,2
BRDA:35,9,0,2
BRDA:37,10,0,1
BRF:11
BRH:9
end_of_record
TN:
SF:src/routes/controllers/boleto.js
FNF:0
FNH:0
DA:1,1
DA:2,1
DA:3,1
DA:4,1
DA:5,1
DA:6,1
DA:7,1
DA:8,3
DA:9,3
DA:10,3
DA:11,3
DA:12,3
DA:13,3
DA:14,1
DA:15,1
DA:16,2
DA:17,2
DA:18,2
DA:19,2
DA:20,2
DA:21,2
DA:22,3
DA:23,1
DA:24,1
DA:25,2
DA:26,2
DA:27,2
DA:28,1
DA:29,1
LF:29
LH:29
BRDA:7,0,0,3
BRDA:13,1,0,2
BRDA:13,2,0,1
BRDA:22,3,0,1
BRDA:25,4,0,2
BRF:5
BRH:5
end_of_record
TN:
SF:src/routes/controllers/index.js
FNF:0
FNH:0
DA:1,1
DA:2,1
DA:3,1
DA:4,1
DA:5,1
DA:6,1
DA:7,1
DA:8,4
DA:9,4
DA:10,1
DA:11,1
DA:12,1
DA:13,1
LF:13
LH:13
BRDA:7,0,0,4
BRF:1
BRH:1
end_of_record
TN:
SF:src/routes/schemas/code.js
FNF:0
FNH:0
DA:1,1
DA:2,1
DA:3,1
DA:4,1
DA:5,1
DA:6,1
DA:7,1
DA:8,1
DA:9,1
DA:10,1
DA:11,1
DA:12,1
DA:13,1
DA:14,1
DA:15,1
LF:15
LH:15
BRF:0
BRH:0
end_of_record
TN:
SF:src/services/boleto-arrecadacao.js
FN:5,boletoArrecadacaoCodigoBarras
FN:26,boletoArrecadacaoLinhaDigitavel
FNF:2
FNH:2
FNDA:12,boletoArrecadacaoCodigoBarras
FNDA:13,boletoArrecadacaoLinhaDigitavel
DA:1,1
DA:2,1
DA:3,1
DA:4,1
DA:5,1
DA:6,12
DA:7,12
DA:8,12
DA:9,12
DA:10,12
DA:11,12
DA:12,12
DA:13,12
DA:14,12
DA:15,12
DA:16,6
DA:17,6
DA:18,5
DA:19,6
DA:20,1
DA:21,1
DA:22,11
DA:23,11
DA:24,11
DA:25,1
DA:26,1
DA:27,13
DA:28,13
DA:29,13
DA:30,13
DA:31,12
DA:32,12
DA:33,12
DA:34,12
DA:35,12
DA:36,12
DA:37,12
DA:38,13
DA:39,6
DA:40,6
DA:41,6
DA:42,5
DA:43,5
DA:44,6
DA:45,1
DA:46,1
DA:47,11
DA:48,11
DA:49,44
DA:50,44
DA:51,44
DA:52,44
DA:53,44
DA:54,44
DA:55,44
DA:56,44
DA:57,44
DA:58,44
DA:59,11
DA:60,11
DA:61,13
DA:62,13
DA:63,1
DA:64,1
LF:64
LH:64
BRDA:5,0,0,12
BRDA:7,1,0,0
BRDA:15,2,0,6
BRDA:15,3,0,6
BRDA:17,4,0,1
BRDA:17,5,0,5
BRDA:19,6,0,1
BRDA:22,7,0,11
BRDA:26,8,0,13
BRDA:30,9,0,1
BRDA:30,10,0,12
BRDA:38,11,0,6
BRDA:38,12,0,6
BRDA:41,13,0,1
BRDA:41,14,0,5
BRDA:44,15,0,1
BRDA:47,16,0,11
BRDA:61,17,0,9
BRDA:48,18,0,44
BRDA:60,19,0,41
BRF:20
BRH:19
end_of_record
TN:
SF:src/services/boleto-bancario.js
FN:4,boletoBancarioCodigoBarras
FN:12,boletoBancarioLinhaDigitavel
FNF:2
FNH:2
FNDA:8,boletoBancarioCodigoBarras
FNDA:8,boletoBancarioLinhaDigitavel
DA:1,1
DA:2,1
DA:3,1
DA:4,1
DA:5,8
DA:6,8
DA:7,8
DA:8,8
DA:9,8
DA:10,8
DA:11,1
DA:12,1
DA:13,8
DA:14,8
DA:15,8
DA:16,8
DA:17,8
DA:18,8
DA:19,8
DA:20,8
DA:21,8
DA:22,8
DA:23,8
DA:24,8
DA:25,8
DA:26,8
DA:27,8
DA:28,8
DA:29,8
DA:30,8
DA:31,8
DA:32,8
DA:33,8
DA:34,8
DA:35,8
DA:36,1
DA:37,1
LF:37
LH:37
BRDA:4,0,0,8
BRDA:6,1,0,0
BRDA:12,2,0,8
BRDA:16,3,0,0
BRDA:33,4,0,6
BRDA:31,5,0,20
BRF:6
BRH:4
end_of_record
TN:
SF:src/services/code-validator.js
FN:5,validator
FNF:1
FNH:1
FNDA:24,validator
DA:1,1
DA:2,1
DA:3,1
DA:4,1
DA:5,1
DA:6,24
DA:7,24
DA:8,24
DA:9,3
DA:10,3
DA:11,3
DA:12,1
DA:13,1
LF:13
LH:13
BRDA:5,0,0,24
BRDA:7,1,0,23
BRDA:7,2,0,8
BRDA:7,3,0,22
BRDA:7,4,0,16
BRDA:8,5,0,13
BRDA:8,6,0,3
BRF:7
BRH:7
end_of_record
TN:
SF:src/utils/clear-mask.js
FN:1,clearMask
FNF:1
FNH:1
FNDA:58,clearMask
DA:1,1
DA:2,58
DA:3,58
DA:4,1
DA:5,1
LF:5
LH:5
BRDA:1,0,0,58
BRF:1
BRH:1
end_of_record
TN:
SF:src/utils/codigo-barras.js
FN:1,getBoletoArrecadacaoCodigoBarras
FN:12,getBoletoBancarioCodigoBarras
FN:26,codigoDeBarras
FNF:3
FNH:3
FNDA:1,getBoletoArrecadacaoCodigoBarras
FNDA:1,getBoletoBancarioCodigoBarras
FNDA:2,codigoDeBarras
DA:1,1
DA:2,1
DA:3,1
DA:4,1
DA:5,4
DA:6,4
DA:7,4
DA:8,4
DA:9,1
DA:10,1
DA:11,1
DA:12,1
DA:13,1
DA:14,1
DA:15,1
DA:16,1
DA:17,1
DA:18,1
DA:19,1
DA:20,1
DA:21,1
DA:22,1
DA:23,1
DA:24,1
DA:25,1
DA:26,1
DA:27,2
DA:28,1
DA:29,0
DA:30,0
DA:31,0
DA:32,1
DA:33,1
LF:33
LH:30
BRDA:1,0,0,1
BRDA:4,1,0,4
BRDA:12,2,0,1
BRDA:26,3,0,2
BRDA:27,4,0,1
BRDA:28,5,0,0
BRF:6
BRH:5
end_of_record
TN:
SF:src/utils/conversor.js
FN:3,convertToBoletoArrecadacaoCodigoBarras
FN:14,convertToBoletoBancarioCodigoBarras
FNF:2
FNH:2
FNDA:12,convertToBoletoArrecadacaoCodigoBarras
FNDA:8,convertToBoletoBancarioCodigoBarras
DA:1,1
DA:2,1
DA:3,1
DA:4,12
DA:5,12
DA:6,12
DA:7,48
DA:8,48
DA:9,48
DA:10,48
DA:11,12
DA:12,12
DA:13,1
DA:14,1
DA:15,8
DA:16,8
DA:17,8
DA:18,8
DA:19,8
DA:20,8
DA:21,8
DA:22,8
DA:23,8
DA:24,8
DA:25,8
DA:26,1
DA:27,1
LF:27
LH:27
BRDA:3,0,0,12
BRDA:6,1,0,48
BRDA:14,2,0,8
BRF:3
BRH:3
end_of_record
TN:
SF:src/utils/data-vencimento.js
FN:1,getBoletoArrecadacaoData
FN:8,getBoletoBancarioData
FN:19,getBoletoData
FNF:3
FNH:2
FNDA:0,getBoletoArrecadacaoData
FNDA:4,getBoletoBancarioData
FNDA:4,getBoletoData
DA:1,1
DA:2,0
DA:3,0
DA:4,0
DA:5,0
DA:6,0
DA:7,1
DA:8,1
DA:9,4
DA:10,4
DA:11,4
DA:12,4
DA:13,4
DA:14,4
DA:15,4
DA:16,4
DA:17,1
DA:18,1
DA:19,1
DA:20,4
DA:21,0
DA:22,0
DA:23,0
DA:24,0
DA:25,1
DA:26,1
LF:26
LH:17
BRDA:8,0,0,4
BRDA:19,1,0,4
BRDA:20,2,0,0
BRF:3
BRH:2
end_of_record
TN:
SF:src/utils/modulos.js
FN:1,modulo10
FN:11,modulo11Bancario
FN:25,modulo11Arrecadacao
FNF:3
FNH:3
FNDA:48,modulo10
FNDA:8,modulo11Bancario
FNDA:24,modulo11Arrecadacao
DA:1,1
DA:2,48
DA:3,48
DA:4,692
DA:5,692
DA:6,692
DA:7,48
DA:8,48
DA:9,48
DA:10,1
DA:11,1
DA:12,8
DA:13,8
DA:14,8
DA:15,344
DA:16,344
DA:17,344
DA:18,8
DA:19,8
DA:20,8
DA:21,8
DA:22,8
DA:23,8
DA:24,1
DA:25,1
DA:26,24
DA:27,24
DA:28,24
DA:29,424
DA:30,424
DA:31,424
DA:32,24
DA:33,24
DA:34,24
DA:35,24
DA:36,5
DA:37,5
DA:38,24
DA:39,0
DA:40,0
DA:41,19
DA:42,19
DA:43,19
DA:44,1
DA:45,1
LF:45
LH:43
BRDA:1,0,0,48
BRDA:3,1,0,692
BRDA:5,2,0,163
BRDA:5,3,0,529
BRDA:11,4,0,8
BRDA:21,5,0,0
BRDA:14,6,0,344
BRDA:16,7,0,40
BRDA:16,8,0,304
BRDA:25,9,0,24
BRDA:35,10,0,22
BRDA:35,11,0,5
BRDA:38,12,0,19
BRDA:38,13,0,0
BRDA:41,14,0,19
BRDA:28,15,0,424
BRDA:30,16,0,44
BRDA:30,17,0,380
BRF:18
BRH:16
end_of_record
TN:
SF:src/utils/valor.js
FN:1,getBoletoArrecadacaoValor
FN:6,getBoletoBancarioValor
FN:11,getBoletoValor
FNF:3
FNH:3
FNDA:1,getBoletoArrecadacaoValor
FNDA:1,getBoletoBancarioValor
FNDA:2,getBoletoValor
DA:1,1
DA:2,1
DA:3,1
DA:4,1
DA:5,1
DA:6,1
DA:7,1
DA:8,1
DA:9,1
DA:10,1
DA:11,1
DA:12,2
DA:13,1
DA:14,0
DA:15,0
DA:16,0
DA:17,1
DA:18,1
LF:18
LH:15
BRDA:1,0,0,1
BRDA:3,1,0,0
BRDA:6,2,0,1
BRDA:11,3,0,2
BRDA:12,4,0,1
BRDA:13,5,0,0
BRF:6
BRH:4
end_of_record
